<?xml version="1.0" encoding="UTF-8"?>
<testsuite xmlns:xsi="http://www.w3.org/2001/XMLSchema-instance" xsi:noNamespaceSchemaLocation="https://maven.apache.org/surefire/maven-surefire-plugin/xsd/surefire-test-report.xsd" version="3.0.2" name="com.example.hospital.HospitalApplicationTests" time="7.987" tests="1" errors="0" skipped="0" failures="0">
  <properties>
[...]
</properties>
  <testcase name="contextLoads" classname="com.example.hospital.HospitalApplicationTests" time="0.842">
    <system-out><![CDATA[13:16:09.881 [main] INFO org.springframework.test.context.support.AnnotationConfigContextLoaderUtils -- Could not detect default configuration classes for test class [com.example.hospital.HospitalApplicationTests]: HospitalApplicationTests does not declare any static, non-private, non-final, nested classes annotated with @Configuration.
13:16:10.081 [main] INFO org.springframework.boot.test.context.SpringBootTestContextBootstrapper -- Found @SpringBootConfiguration com.example.hospital.HospitalApplication for test class com.example.hospital.HospitalApplicationTests
13:16:10.358 [main] INFO org.springframework.boot.devtools.restart.RestartApplicationListener -- Restart disabled due to context in which it is running

  .   ____          _            __ _ _
 /\\ / ___'_ __ _ _(_)_ __  __ _ \ \ \ \
( ( )\___ | '_ | '_| | '_ \/ _` | \ \ \ \
 \\/  ___)| |_)| | | | | || (_| |  ) ) ) )
  '  |____| .__|_| |_|_| |_\__, | / / / /
 =========|_|==============|___/=/_/_/_/

 :: Spring Boot ::                (v3.4.0)

2024-11-25T13:16:10.928+01:00  INFO 19668 --- [Hospital] [           main] c.e.hospital.HospitalApplicationTests    : Starting HospitalApplicationTests using Java 23.0.1 with PID 19668 (started by lucia in C:\Users\lucia\IdeaProjects\Hospital)
2024-11-25T13:16:10.928+01:00  INFO 19668 --- [Hospital] [           main] c.e.hospital.HospitalApplicationTests    : No active profile set, falling back to 1 default profile: "default"
2024-11-25T13:16:11.758+01:00  INFO 19668 --- [Hospital] [           main] .s.d.r.c.RepositoryConfigurationDelegate : Bootstrapping Spring Data JPA repositories in DEFAULT mode.
2024-11-25T13:16:11.894+01:00  INFO 19668 --- [Hospital] [           main] .s.d.r.c.RepositoryConfigurationDelegate : Finished Spring Data repository scanning in 113 ms. Found 4 JPA repository interfaces.
2024-11-25T13:16:12.643+01:00  INFO 19668 --- [Hospital] [           main] o.hibernate.jpa.internal.util.LogHelper  : HHH000204: Processing PersistenceUnitInfo [name: default]
2024-11-25T13:16:12.745+01:00  INFO 19668 --- [Hospital] [           main] org.hibernate.Version                    : HHH000412: Hibernate ORM core version 6.6.2.Final
2024-11-25T13:16:12.808+01:00  INFO 19668 --- [Hospital] [           main] o.h.c.internal.RegionFactoryInitiator    : HHH000026: Second-level cache disabled
2024-11-25T13:16:13.328+01:00  INFO 19668 --- [Hospital] [           main] o.s.o.j.p.SpringPersistenceUnitInfo      : No LoadTimeWeaver setup: ignoring JPA class transformer
2024-11-25T13:16:13.398+01:00  INFO 19668 --- [Hospital] [           main] com.zaxxer.hikari.HikariDataSource       : HikariPool-1 - Starting...
2024-11-25T13:16:13.706+01:00  INFO 19668 --- [Hospital] [           main] com.zaxxer.hikari.pool.HikariPool        : HikariPool-1 - Added connection conn0: url=jdbc:h2:mem:medicamentos_db user=SA
2024-11-25T13:16:13.713+01:00  INFO 19668 --- [Hospital] [           main] com.zaxxer.hikari.HikariDataSource       : HikariPool-1 - Start completed.
2024-11-25T13:16:13.828+01:00  INFO 19668 --- [Hospital] [           main] org.hibernate.orm.connections.pooling    : HHH10001005: Database info:
	Database JDBC URL [Connecting through datasource 'HikariDataSource (HikariPool-1)']
	Database driver: undefined/unknown
	Database version: 2.3.232
	Autocommit mode: undefined/unknown
	Isolation level: undefined/unknown
	Minimum pool size: undefined/unknown
	Maximum pool size: undefined/unknown
2024-11-25T13:16:15.578+01:00  INFO 19668 --- [Hospital] [           main] o.h.e.t.j.p.i.JtaPlatformInitiator       : HHH000489: No JTA platform available (set 'hibernate.transaction.jta.platform' to enable JTA platform integration)
Hibernate: create table disease (id bigint generated by default as identity, description varchar(255), name varchar(255), primary key (id))
Hibernate: create table inform (id bigint generated by default as identity, description varchar(255), name varchar(255), disease_id bigint, medication_id bigint, primary key (id))
Hibernate: create table medication (id bigint generated by default as identity, description varchar(255), dosage varchar(255), name varchar(255), primary key (id))
Hibernate: create table patient (id bigint generated by default as identity, address varchar(255), age integer not null, gender varchar(255), name varchar(255), inform_id bigint, primary key (id))
Hibernate: alter table if exists inform add constraint FKk916rtll7ihi5fv38vilvqgyu foreign key (disease_id) references disease
Hibernate: alter table if exists inform add constraint FK2r4vq33epdvtiug67tu62thqo foreign key (medication_id) references medication
Hibernate: alter table if exists patient add constraint FKherghehq1126yst88qe2a7cas foreign key (inform_id) references inform
2024-11-25T13:16:15.718+01:00  INFO 19668 --- [Hospital] [           main] j.LocalContainerEntityManagerFactoryBean : Initialized JPA EntityManagerFactory for persistence unit 'default'
2024-11-25T13:16:16.698+01:00  INFO 19668 --- [Hospital] [           main] c.e.hospital.HospitalApplicationTests    : Started HospitalApplicationTests in 6.359 seconds (process running for 8.134)
]]></system-out>
    <system-err><![CDATA[Mockito is currently self-attaching to enable the inline-mock-maker. This will no longer work in future releases of the JDK. Please add Mockito as an agent to your build what is described in Mockito's documentation: https://javadoc.io/doc/org.mockito/mockito-core/latest/org/mockito/Mockito.html#0.3
WARNING: A Java agent has been loaded dynamically (C:\Users\lucia\.m2\repository\net\bytebuddy\byte-buddy-agent\1.15.10\byte-buddy-agent-1.15.10.jar)
WARNING: If a serviceability tool is in use, please run with -XX:+EnableDynamicAgentLoading to hide this warning
WARNING: If a serviceability tool is not in use, please run with -Djdk.instrument.traceUsage for more information
WARNING: Dynamic loading of agents will be disallowed by default in a future release
]]></system-err>
  </testcase>
</testsuite>